<?xml version="1.0" encoding="UTF-8"?>
<!-- Generated by org.testng.reporters.JUnitReportReporter -->
<testsuite skipped="0" hostname="LAPTOP-05FSNU7O" name="positions_testcase.TestCase15_1000_character_long_timestamp" tests="1" failures="0" timestamp="2021-08-02T19:14:32 IST" time="2.270" errors="0">
  <testcase name="test15" time="2.270" classname="positions_testcase.TestCase15_1000_character_long_timestamp"/>
  <system-out/>
</testsuite> <!-- positions_testcase.TestCase15_1000_character_long_timestamp -->
