<?xml version="1.0" encoding="UTF-8"?>
<!-- Generated by org.testng.reporters.JUnitReportReporter -->
<testsuite skipped="0" hostname="LAPTOP-05FSNU7O" name="positions_testcase.TestCase16_special_characters_in_timestamp" tests="1" failures="0" timestamp="2021-08-02T19:14:32 IST" time="1.783" errors="0">
  <testcase name="test16" time="1.783" classname="positions_testcase.TestCase16_special_characters_in_timestamp"/>
  <system-out/>
</testsuite> <!-- positions_testcase.TestCase16_special_characters_in_timestamp -->
