<?xml version="1.0" encoding="UTF-8"?>
<!-- Generated by org.testng.reporters.JUnitReportReporter -->
<testsuite skipped="0" hostname="LAPTOP-05FSNU7O" name="positions_testcase.TestCase08_Blank_Timestamp" tests="1" failures="0" timestamp="2021-08-02T19:14:32 IST" time="2.426" errors="0">
  <testcase name="test08" time="2.426" classname="positions_testcase.TestCase08_Blank_Timestamp"/>
  <system-out/>
</testsuite> <!-- positions_testcase.TestCase08_Blank_Timestamp -->
