<?xml version="1.0" encoding="UTF-8"?>
<!-- Generated by org.testng.reporters.JUnitReportReporter -->
<testsuite skipped="0" hostname="LAPTOP-05FSNU7O" name="tle_testcase.TestCase19_HappyPath_JSON" tests="1" failures="0" timestamp="2021-08-02T19:14:32 IST" time="3.287" errors="0">
  <testcase name="test19" time="3.287" classname="tle_testcase.TestCase19_HappyPath_JSON"/>
  <system-out/>
</testsuite> <!-- tle_testcase.TestCase19_HappyPath_JSON -->
