<?xml version="1.0" encoding="UTF-8"?>
<!-- Generated by org.testng.reporters.JUnitReportReporter -->
<testsuite skipped="0" hostname="LAPTOP-05FSNU7O" name="positions_testcase.TestCase09_Non_Numerical_Timestamp" tests="1" failures="0" timestamp="2021-08-02T19:14:32 IST" time="1.893" errors="0">
  <testcase name="test09" time="1.893" classname="positions_testcase.TestCase09_Non_Numerical_Timestamp"/>
  <system-out/>
</testsuite> <!-- positions_testcase.TestCase09_Non_Numerical_Timestamp -->
